<?xml version="1.0" encoding="UTF-8"?>
<!-- Generated by org.testng.reporters.JUnitXMLReporter -->
<testsuite hostname="LAPTOP-R23SUR87" ignored="8" name="Regression" tests="6" failures="0" timestamp="2020-11-30T11:08:21 CET" time="291.254" errors="0">
  <testcase name="validateProductSearch" time="31.234" classname="com.lampenwelt.testcases.TC001_SearchAndAddProducts"/>
  <testcase name="validateProductSearch" time="31.515" classname="com.lampenwelt.testcases.TC001_SearchAndAddProducts"/>
  <testcase name="addNewProductFromCartPage" time="44.462" classname="com.lampenwelt.testcases.TC002_AddProductFromCartPage"/>
  <testcase name="validateProductSearch" time="35.126" classname="com.lampenwelt.testcases.TC003_UpdateShippingCountry"/>
  <testcase name="validateProductSearch" time="37.273" classname="com.lampenwelt.testcases.TC004_UpdateProductQuantity"/>
  <testcase name="validateProductSearch" time="40.495" classname="com.lampenwelt.testcases.TC005_DeleteProductFromCartPage"/>
  <testcase name="@AfterSuite stopReport" time="0.0" classname="com.lampenwelt.utils.Reporter">
    <ignored/>
  </testcase> <!-- @AfterSuite stopReport -->
  <testcase name="@AfterSuite stopReport" time="0.0" classname="com.lampenwelt.utils.Reporter">
    <ignored/>
  </testcase> <!-- @AfterSuite stopReport -->
  <testcase name="@AfterSuite stopReport" time="0.0" classname="com.lampenwelt.utils.Reporter">
    <ignored/>
  </testcase> <!-- @AfterSuite stopReport -->
  <testcase name="@AfterSuite stopReport" time="0.0" classname="com.lampenwelt.utils.Reporter">
    <ignored/>
  </testcase> <!-- @AfterSuite stopReport -->
  <testcase name="@BeforeSuite startReport" time="0.0" classname="com.lampenwelt.utils.Reporter">
    <ignored/>
  </testcase> <!-- @BeforeSuite startReport -->
  <testcase name="@BeforeSuite startReport" time="0.0" classname="com.lampenwelt.utils.Reporter">
    <ignored/>
  </testcase> <!-- @BeforeSuite startReport -->
  <testcase name="@BeforeSuite startReport" time="0.0" classname="com.lampenwelt.utils.Reporter">
    <ignored/>
  </testcase> <!-- @BeforeSuite startReport -->
  <testcase name="@BeforeSuite startReport" time="0.0" classname="com.lampenwelt.utils.Reporter">
    <ignored/>
  </testcase> <!-- @BeforeSuite startReport -->
</testsuite> <!-- Regression -->
